[11:31:54] [main/INFO]: Environment: authHost='https://authserver.mojang.com', accountsHost='https://api.mojang.com', sessionHost='https://sessionserver.mojang.com', servicesHost='https://api.minecraftservices.com', name='PROD'
[11:31:54] [main/FATAL]: Failed to start the minecraft server
java.io.IOException: The process cannot access the file because another process has locked a portion of the file
	at sun.nio.ch.FileDispatcherImpl.write0(Native Method) ~[?:1.8.0_51]
	at sun.nio.ch.FileDispatcherImpl.write(FileDispatcherImpl.java:74) ~[?:1.8.0_51]
	at sun.nio.ch.IOUtil.writeFromNativeBuffer(IOUtil.java:93) ~[?:1.8.0_51]
	at sun.nio.ch.IOUtil.write(IOUtil.java:51) ~[?:1.8.0_51]
	at sun.nio.ch.FileChannelImpl.write(FileChannelImpl.java:210) ~[?:1.8.0_51]
	at net.minecraft.server.v1_16_R3.SessionLock.a(SourceFile:40) ~[patched_1.16.5.jar:git-Tuinity-"d3ee222"]
	at net.minecraft.server.v1_16_R3.Convertable$ConversionSession.<init>(Convertable.java:218) ~[patched_1.16.5.jar:git-Tuinity-"d3ee222"]
	at net.minecraft.server.v1_16_R3.Convertable.c(Convertable.java:200) ~[patched_1.16.5.jar:git-Tuinity-"d3ee222"]
	at net.minecraft.server.v1_16_R3.Main.main(Main.java:113) ~[patched_1.16.5.jar:git-Tuinity-"d3ee222"]
	at org.bukkit.craftbukkit.Main.main(Main.java:283) ~[patched_1.16.5.jar:git-Tuinity-"d3ee222"]
	at sun.reflect.NativeMethodAccessorImpl.invoke0(Native Method) ~[?:1.8.0_51]
	at sun.reflect.NativeMethodAccessorImpl.invoke(NativeMethodAccessorImpl.java:62) ~[?:1.8.0_51]
	at sun.reflect.DelegatingMethodAccessorImpl.invoke(DelegatingMethodAccessorImpl.java:43) ~[?:1.8.0_51]
	at java.lang.reflect.Method.invoke(Method.java:497) ~[?:1.8.0_51]
	at io.papermc.paperclip.Paperclip.main(Paperclip.java:58) ~[tuinity-paperclip.jar:?]
[11:32:02] [main/INFO]: Environment: authHost='https://authserver.mojang.com', accountsHost='https://api.mojang.com', sessionHost='https://sessionserver.mojang.com', servicesHost='https://api.minecraftservices.com', name='PROD'
[11:32:02] [main/FATAL]: Failed to start the minecraft server
java.io.IOException: The process cannot access the file because another process has locked a portion of the file
	at sun.nio.ch.FileDispatcherImpl.write0(Native Method) ~[?:1.8.0_51]
	at sun.nio.ch.FileDispatcherImpl.write(FileDispatcherImpl.java:74) ~[?:1.8.0_51]
	at sun.nio.ch.IOUtil.writeFromNativeBuffer(IOUtil.java:93) ~[?:1.8.0_51]
	at sun.nio.ch.IOUtil.write(IOUtil.java:51) ~[?:1.8.0_51]
	at sun.nio.ch.FileChannelImpl.write(FileChannelImpl.java:210) ~[?:1.8.0_51]
	at net.minecraft.server.v1_16_R3.SessionLock.a(SourceFile:40) ~[patched_1.16.5.jar:git-Tuinity-"d3ee222"]
	at net.minecraft.server.v1_16_R3.Convertable$ConversionSession.<init>(Convertable.java:218) ~[patched_1.16.5.jar:git-Tuinity-"d3ee222"]
	at net.minecraft.server.v1_16_R3.Convertable.c(Convertable.java:200) ~[patched_1.16.5.jar:git-Tuinity-"d3ee222"]
	at net.minecraft.server.v1_16_R3.Main.main(Main.java:113) ~[patched_1.16.5.jar:git-Tuinity-"d3ee222"]
	at org.bukkit.craftbukkit.Main.main(Main.java:283) ~[patched_1.16.5.jar:git-Tuinity-"d3ee222"]
	at sun.reflect.NativeMethodAccessorImpl.invoke0(Native Method) ~[?:1.8.0_51]
	at sun.reflect.NativeMethodAccessorImpl.invoke(NativeMethodAccessorImpl.java:62) ~[?:1.8.0_51]
	at sun.reflect.DelegatingMethodAccessorImpl.invoke(DelegatingMethodAccessorImpl.java:43) ~[?:1.8.0_51]
	at java.lang.reflect.Method.invoke(Method.java:497) ~[?:1.8.0_51]
	at io.papermc.paperclip.Paperclip.main(Paperclip.java:58) ~[tuinity-paperclip.jar:?]
